2021-04-07 18:09:19,236 INFO o.s.b.StartupInfoLogger [restartedMain] Starting UserApiSpringBootApplication using Java 15.0.1 on riyagupta01 with PID 860 (C:\Users\riyagupta01\Documents\workspace-spring-tool-suite-4-4.9.0.RELEASE\UserAPISpringBoot\target\classes started by riyagupta01 in C:\Users\riyagupta01\Documents\workspace-spring-tool-suite-4-4.9.0.RELEASE\UserAPISpringBoot)
2021-04-07 18:09:19,246 DEBUG o.s.b.StartupInfoLogger [restartedMain] Running with Spring Boot v2.4.3, Spring v5.3.4
2021-04-07 18:09:19,247 INFO o.s.b.SpringApplication [restartedMain] No active profile set, falling back to default profiles: default
2021-04-07 18:09:19,310 INFO o.s.b.l.DeferredLog [restartedMain] Devtools property defaults active! Set 'spring.devtools.add-properties' to 'false' to disable
2021-04-07 18:09:19,310 INFO o.s.b.l.DeferredLog [restartedMain] For additional web related logging consider setting the 'logging.level.web' property to 'DEBUG'
2021-04-07 18:09:20,328 INFO c.u.j.c.EnableEncryptablePropertiesBeanFactoryPostProcessor [restartedMain] Post-processing PropertySource instances
2021-04-07 18:09:20,354 INFO c.u.j.EncryptablePropertySourceConverter [restartedMain] Converting PropertySource configurationProperties [org.springframework.boot.context.properties.source.ConfigurationPropertySourcesPropertySource] to AOP Proxy
2021-04-07 18:09:20,354 INFO c.u.j.EncryptablePropertySourceConverter [restartedMain] Converting PropertySource servletConfigInitParams [org.springframework.core.env.PropertySource$StubPropertySource] to EncryptablePropertySourceWrapper
2021-04-07 18:09:20,354 INFO c.u.j.EncryptablePropertySourceConverter [restartedMain] Converting PropertySource servletContextInitParams [org.springframework.core.env.PropertySource$StubPropertySource] to EncryptablePropertySourceWrapper
2021-04-07 18:09:20,355 INFO c.u.j.EncryptablePropertySourceConverter [restartedMain] Converting PropertySource systemProperties [org.springframework.core.env.PropertiesPropertySource] to EncryptableMapPropertySourceWrapper
2021-04-07 18:09:20,355 INFO c.u.j.EncryptablePropertySourceConverter [restartedMain] Converting PropertySource systemEnvironment [org.springframework.boot.env.SystemEnvironmentPropertySourceEnvironmentPostProcessor$OriginAwareSystemEnvironmentPropertySource] to EncryptableSystemEnvironmentPropertySourceWrapper
2021-04-07 18:09:20,356 INFO c.u.j.EncryptablePropertySourceConverter [restartedMain] Converting PropertySource random [org.springframework.boot.env.RandomValuePropertySource] to EncryptablePropertySourceWrapper
2021-04-07 18:09:20,356 INFO c.u.j.EncryptablePropertySourceConverter [restartedMain] Converting PropertySource Config resource 'class path resource [application.properties]' via location 'optional:classpath:/' [org.springframework.boot.env.OriginTrackedMapPropertySource] to EncryptableMapPropertySourceWrapper
2021-04-07 18:09:20,356 INFO c.u.j.EncryptablePropertySourceConverter [restartedMain] Converting PropertySource devtools [org.springframework.core.env.MapPropertySource] to EncryptableMapPropertySourceWrapper
2021-04-07 18:09:20,416 INFO c.u.j.f.DefaultLazyPropertyFilter [restartedMain] Property Filter custom Bean not found with name 'encryptablePropertyFilter'. Initializing Default Property Filter
2021-04-07 18:09:20,617 INFO c.u.j.r.DefaultLazyPropertyResolver [restartedMain] Property Resolver custom Bean not found with name 'encryptablePropertyResolver'. Initializing Default Property Resolver
2021-04-07 18:09:20,621 INFO c.u.j.d.DefaultLazyPropertyDetector [restartedMain] Property Detector custom Bean not found with name 'encryptablePropertyDetector'. Initializing Default Property Detector
2021-04-07 18:09:21,032 INFO o.s.b.w.e.t.TomcatWebServer [restartedMain] Tomcat initialized with port(s): 9191 (http)
2021-04-07 18:09:21,045 INFO o.a.j.l.DirectJDKLog [restartedMain] Initializing ProtocolHandler ["http-nio-9191"]
2021-04-07 18:09:21,046 INFO o.a.j.l.DirectJDKLog [restartedMain] Starting service [Tomcat]
2021-04-07 18:09:21,047 INFO o.a.j.l.DirectJDKLog [restartedMain] Starting Servlet engine: [Apache Tomcat/9.0.43]
2021-04-07 18:09:21,125 INFO o.a.j.l.DirectJDKLog [restartedMain] Initializing Spring embedded WebApplicationContext
2021-04-07 18:09:21,126 INFO o.s.b.w.s.c.ServletWebServerApplicationContext [restartedMain] Root WebApplicationContext: initialization completed in 1816 ms
2021-04-07 18:09:21,762 WARN o.s.s.c.u.User [restartedMain] User.withDefaultPasswordEncoder() is considered unsafe for production and is only intended for sample applications.
2021-04-07 18:09:22,105 INFO o.s.s.w.DefaultSecurityFilterChain [restartedMain] Will secure any request with [org.springframework.security.web.context.request.async.WebAsyncManagerIntegrationFilter@2c9c69fd, org.springframework.security.web.context.SecurityContextPersistenceFilter@4b0054d9, org.springframework.security.web.header.HeaderWriterFilter@58e1e01a, org.springframework.security.web.authentication.logout.LogoutFilter@969f760, org.springframework.security.web.authentication.www.BasicAuthenticationFilter@2b6bd391, org.springframework.security.web.savedrequest.RequestCacheAwareFilter@5befff5b, org.springframework.security.web.servletapi.SecurityContextHolderAwareRequestFilter@578beeb7, org.springframework.security.web.authentication.AnonymousAuthenticationFilter@3730e766, org.springframework.security.web.session.SessionManagementFilter@7f8e280c, org.springframework.security.web.access.ExceptionTranslationFilter@4b8c7031, org.springframework.security.web.access.intercept.FilterSecurityInterceptor@6241da76]
2021-04-07 18:09:22,457 INFO o.s.s.c.ExecutorConfigurationSupport [restartedMain] Initializing ExecutorService 'applicationTaskExecutor'
2021-04-07 18:09:22,970 INFO o.s.s.c.ExecutorConfigurationSupport [restartedMain] Initializing ExecutorService 'taskScheduler'
2021-04-07 18:09:23,006 INFO c.u.j.e.DefaultLazyEncryptor [restartedMain] String Encryptor custom Bean not found with name 'jasyptStringEncryptor'. Initializing Default String Encryptor
2021-04-07 18:09:23,017 INFO c.u.j.c.StringEncryptorBuilder [restartedMain] Encryptor config not found for property jasypt.encryptor.algorithm, using default value: PBEWITHHMACSHA512ANDAES_256
2021-04-07 18:09:23,018 INFO c.u.j.c.StringEncryptorBuilder [restartedMain] Encryptor config not found for property jasypt.encryptor.key-obtention-iterations, using default value: 1000
2021-04-07 18:09:23,019 INFO c.u.j.c.StringEncryptorBuilder [restartedMain] Encryptor config not found for property jasypt.encryptor.pool-size, using default value: 1
2021-04-07 18:09:23,019 INFO c.u.j.c.StringEncryptorBuilder [restartedMain] Encryptor config not found for property jasypt.encryptor.provider-name, using default value: null
2021-04-07 18:09:23,020 INFO c.u.j.c.StringEncryptorBuilder [restartedMain] Encryptor config not found for property jasypt.encryptor.provider-class-name, using default value: null
2021-04-07 18:09:23,021 INFO c.u.j.c.StringEncryptorBuilder [restartedMain] Encryptor config not found for property jasypt.encryptor.salt-generator-classname, using default value: org.jasypt.salt.RandomSaltGenerator
2021-04-07 18:09:23,023 INFO c.u.j.c.StringEncryptorBuilder [restartedMain] Encryptor config not found for property jasypt.encryptor.iv-generator-classname, using default value: org.jasypt.iv.RandomIvGenerator
2021-04-07 18:09:23,025 INFO c.u.j.c.StringEncryptorBuilder [restartedMain] Encryptor config not found for property jasypt.encryptor.string-output-type, using default value: base64
2021-04-07 18:09:23,176 INFO o.s.b.d.a.OptionalLiveReloadServer [restartedMain] LiveReload server is running on port 35729
2021-04-07 18:09:23,193 INFO o.a.j.l.DirectJDKLog [restartedMain] Starting ProtocolHandler ["http-nio-9191"]
2021-04-07 18:09:23,224 INFO o.s.b.w.e.t.TomcatWebServer [restartedMain] Tomcat started on port(s): 9191 (http) with context path ''
2021-04-07 18:09:23,243 INFO o.s.b.StartupInfoLogger [restartedMain] Started UserApiSpringBootApplication in 4.371 seconds (JVM running for 5.399)
2021-04-07 18:11:05,180 INFO o.a.j.l.DirectJDKLog [http-nio-9191-exec-1] Initializing Spring DispatcherServlet 'dispatcherServlet'
2021-04-07 18:11:05,181 INFO o.s.w.s.FrameworkServlet [http-nio-9191-exec-1] Initializing Servlet 'dispatcherServlet'
2021-04-07 18:11:05,183 INFO o.s.w.s.FrameworkServlet [http-nio-9191-exec-1] Completed initialization in 2 ms
2021-04-07 18:11:05,515 INFO c.n.u.c.UserController [http-nio-9191-exec-1] Creating User ce79da76-b41c-4b68-be11-b712165d49ef
2021-04-07 18:11:05,515 INFO c.n.u.c.UserController [http-nio-9191-exec-3] Creating User 3ae2f4c9-8c60-4a80-8d43-ca13e08eca39
2021-04-07 18:11:05,515 INFO c.n.u.c.UserController [http-nio-9191-exec-2] Creating User 989e6548-8d4f-439c-80b5-97aead312e05
2021-04-07 18:11:11,275 INFO c.n.u.c.UserController [http-nio-9191-exec-4] Creating User f571edde-6ed1-4690-8e2d-a8533214c68a
2021-04-07 18:11:11,281 INFO c.n.u.c.UserController [http-nio-9191-exec-6] Creating User 478214bc-dc35-49e0-8f4b-9129105bd435
2021-04-07 18:11:11,282 INFO c.n.u.c.UserController [http-nio-9191-exec-5] Creating User b7f07688-4c32-45a7-8351-832f6a690438
2021-04-07 18:11:16,534 INFO c.n.u.c.UserController [http-nio-9191-exec-7] Creating User 9400e7d8-8f0a-4021-a209-8a5010bd9671
2021-04-07 18:11:16,538 INFO c.n.u.c.UserController [http-nio-9191-exec-9] Creating User 9d18d3da-b05d-42db-acba-2f70e134e62d
2021-04-07 18:11:16,538 INFO c.n.u.c.UserController [http-nio-9191-exec-8] Creating User e7321b81-9a19-4532-9ba5-fa7d992e8d84
2021-04-07 18:11:21,740 INFO c.n.u.c.UserController [http-nio-9191-exec-10] Creating User 2a65f95d-0b31-4f2b-8665-584c78074a0e
2021-04-07 18:11:21,898 INFO c.n.u.c.UserController [http-nio-9191-exec-1] Creating User 0b30c3f1-6470-4bf3-b4b1-e95cdf4999a2
2021-04-07 18:11:22,067 INFO c.n.u.c.UserController [http-nio-9191-exec-3] Creating User 5e15df9a-274b-412c-82bf-62b239b233dd
2021-04-07 18:11:22,239 INFO c.n.u.c.UserController [http-nio-9191-exec-2] Creating User 436e7f4c-5087-4ac8-9203-5940111ad253
2021-04-07 18:11:22,401 INFO c.n.u.c.UserController [http-nio-9191-exec-6] Creating User 0259aace-c0c4-48b4-bde8-9cc67b448a57
2021-04-07 18:11:22,565 INFO c.n.u.c.UserController [http-nio-9191-exec-5] Creating User 4e3230af-f376-45f4-8c50-e7dbd0857c52
2021-04-07 18:11:22,726 INFO c.n.u.c.UserController [http-nio-9191-exec-4] Creating User 7738b574-f8c5-45b3-8ff2-c0c7cb138d40
2021-04-07 18:11:22,885 INFO c.n.u.c.UserController [http-nio-9191-exec-7] Creating User ae76ad82-7b22-4597-83d7-53e0acc4f627
2021-04-07 18:11:23,072 INFO c.n.u.c.UserController [http-nio-9191-exec-9] Creating User 161016a2-6cd6-4bb3-927f-354496053579
2021-04-07 18:11:23,236 INFO c.n.u.c.UserController [http-nio-9191-exec-8] Creating User f0454f23-cff2-4f5f-9405-b7ac1b6e6547
2021-04-07 18:11:23,397 INFO c.n.u.c.UserController [http-nio-9191-exec-10] Creating User 7843855e-0bfe-4c28-ad86-d1a8bd86a34d
2021-04-07 18:12:05,087 INFO c.n.u.c.UserController [http-nio-9191-exec-3] Creating User d90c20a9-28fa-4659-91c5-7757adb867bc
2021-04-07 18:12:05,092 INFO c.n.u.c.UserController [http-nio-9191-exec-1] Creating User 37099541-635c-4481-baa2-b71ce1aea2b4
2021-04-07 18:12:05,094 INFO c.n.u.c.UserController [http-nio-9191-exec-2] Creating User 6957c8e9-e380-4597-8b87-517907d22b97
2021-04-07 18:12:10,266 INFO c.n.u.c.UserController [http-nio-9191-exec-5] Creating User f59f953d-3436-40e9-bffa-256b83e80839
2021-04-07 18:12:10,266 INFO c.n.u.c.UserController [http-nio-9191-exec-6] Creating User 61a8bff4-383a-4342-bb84-aa2297e71fb7
2021-04-07 18:12:10,269 INFO c.n.u.c.UserController [http-nio-9191-exec-4] Creating User e5c5b1b9-9d4c-4ea2-b027-55579b50291c
2021-04-07 18:12:15,433 INFO c.n.u.c.UserController [http-nio-9191-exec-8] Creating User 29f28cbc-fdea-460e-911f-326730330712
2021-04-07 18:12:15,435 INFO c.n.u.c.UserController [http-nio-9191-exec-7] Creating User ef5d097d-ff19-45c3-b9c9-28bfa973223b
2021-04-07 18:12:15,438 INFO c.n.u.c.UserController [http-nio-9191-exec-9] Creating User 45e5192d-d531-4af4-b465-5c94941655b2
2021-04-07 18:12:20,605 INFO c.n.u.c.UserController [http-nio-9191-exec-10] Creating User 1d8f6c26-efe7-4e36-9b90-879c5f0ce9d4
2021-04-07 18:12:20,748 INFO c.n.u.c.UserController [http-nio-9191-exec-3] Creating User 5fb1b93e-6bb6-420e-9816-18ed876b2bde
2021-04-07 18:12:20,895 INFO c.n.u.c.UserController [http-nio-9191-exec-1] Creating User 0e08f7c7-31c9-42a6-9aca-51d7def4d72b
2021-04-07 18:12:21,044 INFO c.n.u.c.UserController [http-nio-9191-exec-2] Creating User 2466be08-2c0c-4c46-8c60-5fc2cf57be36
2021-04-07 18:12:21,206 INFO c.n.u.c.UserController [http-nio-9191-exec-6] Creating User 02a20219-6e66-4a9b-bf76-7049fbbc4a80
2021-04-07 18:12:21,358 INFO c.n.u.c.UserController [http-nio-9191-exec-5] Creating User 0fac42a6-ad10-4e72-a5ca-0d85372d15e6
2021-04-07 18:12:21,504 INFO c.n.u.c.UserController [http-nio-9191-exec-4] Creating User e6c38095-3259-4ea9-a636-ffb002e92acc
2021-04-07 18:12:21,658 INFO c.n.u.c.UserController [http-nio-9191-exec-8] Creating User 910abfd9-0d3b-464f-bfb5-0b531c23162f
2021-04-07 18:12:21,809 INFO c.n.u.c.UserController [http-nio-9191-exec-7] Creating User 01ca0b6c-ada7-452c-8730-21fc748be032
2021-04-07 18:12:21,968 INFO c.n.u.c.UserController [http-nio-9191-exec-9] Creating User f7a323e1-847e-4783-85ea-efa23fc46ba1
2021-04-07 18:12:22,118 INFO c.n.u.c.UserController [http-nio-9191-exec-10] Creating User 8a99ed58-63a4-4cfe-a5b5-a4c024bb696e
